  [1m[36m (109.0ms)[0m  [1mCREATE TABLE "schema_migrations" ("version" varchar(255) NOT NULL) [0m
  [1m[35m (104.0ms)[0m  CREATE UNIQUE INDEX "unique_schema_migrations" ON "schema_migrations" ("version")
  [1m[36mActiveRecord::SchemaMigration Load (1.0ms)[0m  [1mSELECT "schema_migrations".* FROM "schema_migrations"[0m
Migrating to CreateBooks (20141227072144)
  [1m[35m (0.0ms)[0m  begin transaction
  [1m[36m (1.0ms)[0m  [1mCREATE TABLE "books" ("id" INTEGER PRIMARY KEY AUTOINCREMENT NOT NULL, "name" varchar(255), "author" varchar(255), "resensi" text, "year" integer, "created_at" datetime, "updated_at" datetime) [0m
  [1m[35mSQL (0.0ms)[0m  INSERT INTO "schema_migrations" ("version") VALUES (?)  [["version", "20141227072144"]]
  [1m[36m (102.0ms)[0m  [1mcommit transaction[0m
Migrating to CreateMembers (20141227072337)
  [1m[35m (0.0ms)[0m  begin transaction
  [1m[36m (3.0ms)[0m  [1mCREATE TABLE "members" ("id" INTEGER PRIMARY KEY AUTOINCREMENT NOT NULL, "name" varchar(255), "phone" integer, "created_at" datetime, "updated_at" datetime) [0m
  [1m[35mSQL (1.0ms)[0m  INSERT INTO "schema_migrations" ("version") VALUES (?)  [["version", "20141227072337"]]
  [1m[36m (125.0ms)[0m  [1mcommit transaction[0m
  [1m[35mActiveRecord::SchemaMigration Load (0.0ms)[0m  SELECT "schema_migrations".* FROM "schema_migrations"


Started GET "/" for 127.0.0.1 at 2014-12-27 14:24:59 +0700
  [1m[36mActiveRecord::SchemaMigration Load (0.0ms)[0m  [1mSELECT "schema_migrations".* FROM "schema_migrations"[0m
Processing by Rails::WelcomeController#index as HTML
  Rendered C:/RailsInstaller/Ruby2.0.0/lib/ruby/gems/2.0.0/gems/railties-4.0.0/lib/rails/templates/rails/welcome/index.html.erb (31.2ms)
Completed 200 OK in 250ms (Views: 171.6ms | ActiveRecord: 0.0ms)


Started GET "/book" for 127.0.0.1 at 2014-12-27 14:27:05 +0700
  [1m[36mActiveRecord::SchemaMigration Load (1.0ms)[0m  [1mSELECT "schema_migrations".* FROM "schema_migrations"[0m

ActionController::RoutingError (No route matches [GET] "/book"):
  actionpack (4.0.0) lib/action_dispatch/middleware/debug_exceptions.rb:21:in `call'
  actionpack (4.0.0) lib/action_dispatch/middleware/show_exceptions.rb:30:in `call'
  railties (4.0.0) lib/rails/rack/logger.rb:38:in `call_app'
  railties (4.0.0) lib/rails/rack/logger.rb:21:in `block in call'
  activesupport (4.0.0) lib/active_support/tagged_logging.rb:67:in `block in tagged'
  activesupport (4.0.0) lib/active_support/tagged_logging.rb:25:in `tagged'
  activesupport (4.0.0) lib/active_support/tagged_logging.rb:67:in `tagged'
  railties (4.0.0) lib/rails/rack/logger.rb:21:in `call'
  actionpack (4.0.0) lib/action_dispatch/middleware/request_id.rb:21:in `call'
  rack (1.5.2) lib/rack/methodoverride.rb:21:in `call'
  rack (1.5.2) lib/rack/runtime.rb:17:in `call'
  activesupport (4.0.0) lib/active_support/cache/strategy/local_cache.rb:83:in `call'
  rack (1.5.2) lib/rack/lock.rb:17:in `call'
  actionpack (4.0.0) lib/action_dispatch/middleware/static.rb:64:in `call'
  railties (4.0.0) lib/rails/engine.rb:511:in `call'
  railties (4.0.0) lib/rails/application.rb:97:in `call'
  rack (1.5.2) lib/rack/lock.rb:17:in `call'
  rack (1.5.2) lib/rack/content_length.rb:14:in `call'
  rack (1.5.2) lib/rack/handler/webrick.rb:60:in `service'
  C:/RailsInstaller/Ruby2.0.0/lib/ruby/2.0.0/webrick/httpserver.rb:138:in `service'
  C:/RailsInstaller/Ruby2.0.0/lib/ruby/2.0.0/webrick/httpserver.rb:94:in `run'
  C:/RailsInstaller/Ruby2.0.0/lib/ruby/2.0.0/webrick/server.rb:295:in `block in start_thread'


  Rendered C:/RailsInstaller/Ruby2.0.0/lib/ruby/gems/2.0.0/gems/actionpack-4.0.0/lib/action_dispatch/middleware/templates/rescues/_trace.erb (1.0ms)
  Rendered C:/RailsInstaller/Ruby2.0.0/lib/ruby/gems/2.0.0/gems/actionpack-4.0.0/lib/action_dispatch/middleware/templates/routes/_route.html.erb (2.0ms)
  Rendered C:/RailsInstaller/Ruby2.0.0/lib/ruby/gems/2.0.0/gems/actionpack-4.0.0/lib/action_dispatch/middleware/templates/routes/_table.html.erb (50.0ms)
  Rendered C:/RailsInstaller/Ruby2.0.0/lib/ruby/gems/2.0.0/gems/actionpack-4.0.0/lib/action_dispatch/middleware/templates/rescues/routing_error.erb within rescues/layout (193.0ms)


Started GET "/" for 127.0.0.1 at 2014-12-27 14:29:43 +0700
Processing by Rails::WelcomeController#index as HTML
  Rendered C:/RailsInstaller/Ruby2.0.0/lib/ruby/gems/2.0.0/gems/railties-4.0.0/lib/rails/templates/rails/welcome/index.html.erb (1.0ms)
Completed 200 OK in 83ms (Views: 15.0ms | ActiveRecord: 0.0ms)


Started GET "/" for 127.0.0.1 at 2014-12-27 14:29:45 +0700
Processing by Rails::WelcomeController#index as HTML
  Rendered C:/RailsInstaller/Ruby2.0.0/lib/ruby/gems/2.0.0/gems/railties-4.0.0/lib/rails/templates/rails/welcome/index.html.erb (0.0ms)
Completed 200 OK in 24ms (Views: 23.6ms | ActiveRecord: 0.0ms)


Started GET "/books" for 127.0.0.1 at 2014-12-27 14:30:39 +0700
Processing by BooksController#index as HTML
  [1m[35mBook Load (1.0ms)[0m  SELECT "books".* FROM "books"
  Rendered books/index.html.erb within layouts/application (4.0ms)
Completed 200 OK in 1730ms (Views: 1717.1ms | ActiveRecord: 1.0ms)


Started GET "/assets/books.css?body=1" for 127.0.0.1 at 2014-12-27 14:30:41 +0700


Started GET "/assets/application.css?body=1" for 127.0.0.1 at 2014-12-27 14:30:41 +0700


Started GET "/assets/members.css?body=1" for 127.0.0.1 at 2014-12-27 14:30:41 +0700


Started GET "/assets/scaffolds.css?body=1" for 127.0.0.1 at 2014-12-27 14:30:41 +0700


Started GET "/assets/turbolinks.js?body=1" for 127.0.0.1 at 2014-12-27 14:30:41 +0700


Started GET "/assets/jquery.js?body=1" for 127.0.0.1 at 2014-12-27 14:30:41 +0700


Started GET "/assets/jquery_ujs.js?body=1" for 127.0.0.1 at 2014-12-27 14:30:41 +0700


Started GET "/assets/books.js?body=1" for 127.0.0.1 at 2014-12-27 14:30:41 +0700


Started GET "/assets/application.js?body=1" for 127.0.0.1 at 2014-12-27 14:30:41 +0700


Started GET "/assets/members.js?body=1" for 127.0.0.1 at 2014-12-27 14:30:42 +0700


Started GET "/assets/turbolinks.js?body=1" for 127.0.0.1 at 2014-12-27 14:30:42 +0700


Started GET "/books/new" for 127.0.0.1 at 2014-12-27 14:30:44 +0700
Processing by BooksController#new as HTML
  Rendered books/_form.html.erb (172.6ms)
  Rendered books/new.html.erb within layouts/application (203.8ms)
Completed 200 OK in 205ms (Views: 203.8ms | ActiveRecord: 0.0ms)


Started POST "/books" for 127.0.0.1 at 2014-12-27 14:31:15 +0700
Processing by BooksController#create as HTML
  Parameters: {"utf8"=>"✓", "authenticity_token"=>"jZ0duSJTNLKfgPQFfPrXz5IR1FXXNM6nyJnt4Q9Mmys=", "book"=>{"name"=>"Anlisis Sistem", "author"=>"Ganteng", "resensi"=>"banget", "year"=>"1992"}, "commit"=>"Create Book"}
  [1m[36m (0.0ms)[0m  [1mbegin transaction[0m
  [1m[35mSQL (247.0ms)[0m  INSERT INTO "books" ("author", "created_at", "name", "resensi", "updated_at", "year") VALUES (?, ?, ?, ?, ?, ?)  [["author", "Ganteng"], ["created_at", Sat, 27 Dec 2014 07:31:15 UTC +00:00], ["name", "Anlisis Sistem"], ["resensi", "banget"], ["updated_at", Sat, 27 Dec 2014 07:31:15 UTC +00:00], ["year", 1992]]
  [1m[36m (116.0ms)[0m  [1mcommit transaction[0m
Redirected to http://127.0.0.1:3000/books/1
Completed 302 Found in 383ms (ActiveRecord: 363.0ms)


Started GET "/books/1" for 127.0.0.1 at 2014-12-27 14:31:16 +0700
Processing by BooksController#show as HTML
  Parameters: {"id"=>"1"}
  [1m[35mBook Load (1.0ms)[0m  SELECT "books".* FROM "books" WHERE "books"."id" = ? LIMIT 1  [["id", "1"]]
  Rendered books/show.html.erb within layouts/application (2.0ms)
Completed 200 OK in 23ms (Views: 17.0ms | ActiveRecord: 1.0ms)


Started GET "/assets/jquery.js?body=1" for 127.0.0.1 at 2014-12-27 14:31:16 +0700


Started GET "/assets/turbolinks.js?body=1" for 127.0.0.1 at 2014-12-27 14:31:16 +0700


Started GET "/books" for 127.0.0.1 at 2014-12-27 14:31:18 +0700
Processing by BooksController#index as HTML
  [1m[36mBook Load (0.0ms)[0m  [1mSELECT "books".* FROM "books"[0m
  Rendered books/index.html.erb within layouts/application (0.0ms)
Completed 200 OK in 6ms (Views: 5.0ms | ActiveRecord: 0.0ms)


Started GET "/books/new" for 127.0.0.1 at 2014-12-27 14:31:35 +0700
Processing by BooksController#new as HTML
  Rendered books/_form.html.erb (15.6ms)
  Rendered books/new.html.erb within layouts/application (15.6ms)
Completed 200 OK in 16ms (Views: 15.6ms | ActiveRecord: 0.0ms)
